# This file was autogenerated by uv via the following command:
#    uv pip compile requirements.txt -o requirements.out
absl-py==2.2.2
    # via
    #   -r requirements.txt
    #   keras
    #   tensorboard
astunparse==1.6.3
    # via -r requirements.txt
blinker==1.9.0
    # via
    #   -r requirements.txt
    #   flask
cachetools==5.5.2
    # via
    #   -r requirements.txt
    #   google-auth
certifi==2025.1.31
    # via
    #   -r requirements.txt
    #   requests
charset-normalizer==3.4.1
    # via
    #   -r requirements.txt
    #   requests
click==8.1.8
    # via
    #   -r requirements.txt
    #   flask
colorama==0.4.6
    # via -r requirements.txt
filelock==3.18.0
    # via
    #   -r requirements.txt
    #   torch
flask==3.1.0
    # via
    #   -r requirements.txt
    #   flask-cors
flask-cors==5.0.1
    # via -r requirements.txt
flatbuffers==25.2.10
    # via -r requirements.txt
fsspec==2025.3.2
    # via
    #   -r requirements.txt
    #   torch
gast==0.4.0
    # via -r requirements.txt
google-auth==2.39.0
    # via
    #   -r requirements.txt
    #   google-auth-oauthlib
google-auth-oauthlib==1.0.0
    # via -r requirements.txt
google-pasta==0.2.0
    # via -r requirements.txt
grpcio==1.71.0
    # via
    #   -r requirements.txt
    #   tensorboard
h5py==3.13.0
    # via
    #   -r requirements.txt
    #   keras
idna==3.10
    # via
    #   -r requirements.txt
    #   requests
itsdangerous==2.2.0
    # via
    #   -r requirements.txt
    #   flask
jax==0.4.30
    # via -r requirements.txt
jaxlib==0.4.30
    # via
    #   -r requirements.txt
    #   jax
jinja2==3.1.6
    # via
    #   -r requirements.txt
    #   flask
    #   torch
keras==3.9.2
    # via -r requirements.txt
libclang==18.1.1
    # via -r requirements.txt
markdown==3.8
    # via
    #   -r requirements.txt
    #   tensorboard
markdown-it-py==3.0.0
    # via
    #   -r requirements.txt
    #   rich
markupsafe==3.0.2
    # via
    #   -r requirements.txt
    #   jinja2
    #   werkzeug
mdurl==0.1.2
    # via
    #   -r requirements.txt
    #   markdown-it-py
ml-dtypes==0.5.1
    # via
    #   -r requirements.txt
    #   jax
    #   jaxlib
    #   keras
mpmath==1.3.0
    # via
    #   -r requirements.txt
    #   sympy
namex==0.0.8
    # via
    #   -r requirements.txt
    #   keras
networkx==3.4.2
    # via
    #   -r requirements.txt
    #   torch
numpy==2.1.3
    # via
    #   -r requirements.txt
    #   h5py
    #   jax
    #   jaxlib
    #   keras
    #   ml-dtypes
    #   opencv-python
    #   scipy
    #   tensorboard
    #   torchvision
nvidia-cublas-cu12==12.6.4.1
    # via
    #   nvidia-cudnn-cu12
    #   nvidia-cusolver-cu12
    #   torch
nvidia-cuda-cupti-cu12==12.6.80
    # via torch
nvidia-cuda-nvrtc-cu12==12.6.77
    # via torch
nvidia-cuda-runtime-cu12==12.6.77
    # via torch
nvidia-cudnn-cu12==9.5.1.17
    # via torch
nvidia-cufft-cu12==11.3.0.4
    # via torch
nvidia-cufile-cu12==1.11.1.6
    # via torch
nvidia-curand-cu12==10.3.7.77
    # via torch
nvidia-cusolver-cu12==11.7.1.2
    # via torch
nvidia-cusparse-cu12==12.5.4.2
    # via
    #   nvidia-cusolver-cu12
    #   torch
nvidia-cusparselt-cu12==0.6.3
    # via torch
nvidia-nccl-cu12==2.26.2
    # via torch
nvidia-nvjitlink-cu12==12.6.85
    # via
    #   nvidia-cufft-cu12
    #   nvidia-cusolver-cu12
    #   nvidia-cusparse-cu12
    #   torch
nvidia-nvtx-cu12==12.6.77
    # via torch
oauthlib==3.2.2
    # via
    #   -r requirements.txt
    #   requests-oauthlib
opencv-python==4.11.0.86
    # via -r requirements.txt
opt-einsum==3.4.0
    # via
    #   -r requirements.txt
    #   jax
optree==0.15.0
    # via
    #   -r requirements.txt
    #   keras
packaging==24.2
    # via
    #   -r requirements.txt
    #   keras
    #   tensorboard
pillow==11.2.1
    # via
    #   -r requirements.txt
    #   torchvision
protobuf==4.25.6
    # via
    #   -r requirements.txt
    #   tensorboard
pyasn1==0.6.1
    # via
    #   -r requirements.txt
    #   pyasn1-modules
    #   rsa
pyasn1-modules==0.4.2
    # via
    #   -r requirements.txt
    #   google-auth
pygments==2.19.1
    # via
    #   -r requirements.txt
    #   rich
requests==2.32.3
    # via
    #   -r requirements.txt
    #   requests-oauthlib
requests-oauthlib==2.0.0
    # via
    #   -r requirements.txt
    #   google-auth-oauthlib
rich==14.0.0
    # via
    #   -r requirements.txt
    #   keras
rsa==4.9
    # via
    #   -r requirements.txt
    #   google-auth
scipy==1.15.2
    # via
    #   -r requirements.txt
    #   jax
    #   jaxlib
setuptools==80.3.1
    # via
    #   tensorboard
    #   triton
six==1.17.0
    # via
    #   -r requirements.txt
    #   astunparse
    #   google-pasta
    #   tensorboard
sympy==1.14.0
    # via
    #   -r requirements.txt
    #   torch
tensorboard==2.19.0
    # via -r requirements.txt
tensorboard-data-server==0.7.2
    # via
    #   -r requirements.txt
    #   tensorboard
tensorflow-estimator==2.12.0
    # via -r requirements.txt
tensorflow-io-gcs-filesystem==0.31.0
    # via -r requirements.txt
termcolor==3.0.1
    # via -r requirements.txt
torch==2.7.0
    # via
    #   -r requirements.txt
    #   torchvision
torchvision==0.22.0
    # via -r requirements.txt
triton==3.3.0
    # via torch
typing-extensions==4.13.2
    # via
    #   -r requirements.txt
    #   optree
    #   torch
urllib3==2.4.0
    # via
    #   -r requirements.txt
    #   requests
werkzeug==3.1.3
    # via
    #   -r requirements.txt
    #   flask
    #   flask-cors
    #   tensorboard
wheel==0.45.1
    # via astunparse
wrapt==1.14.1
    # via -r requirements.txt
